WARNING: styles/compiled/@marketplace/MakeWebBetter/Academia/templates/career-listing.html rendered successfully, butdue to restrictions in rendering for a static environment, the rendered content is blank.
WARNING: styles/compiled/@marketplace/MakeWebBetter/Academia/templates/landing-course-registraiton.html rendered successfully, butdue to restrictions in rendering for a static environment, the rendered content is blank.
WARNING: styles/compiled/@marketplace/MakeWebBetter/Academia/templates/contact-us.html rendered successfully, butdue to restrictions in rendering for a static environment, the rendered content is blank.
ERROR: styles/compiled/@marketplace/MakeWebBetter/Academia/css/tools/_macros.css could not berendered or exportedWARNING: styles/compiled/@marketplace/MakeWebBetter/Academia/templates/gallery.html rendered successfully, butdue to restrictions in rendering for a static environment, the rendered content is blank.
WARNING: styles/compiled/@marketplace/MakeWebBetter/Academia/templates/notice.html rendered successfully, butdue to restrictions in rendering for a static environment, the rendered content is blank.
WARNING: styles/compiled/@marketplace/MakeWebBetter/Academia/templates/system/subscription-preferences.html rendered successfully, butdue to restrictions in rendering for a static environment, the rendered content is blank.
WARNING: styles/compiled/@marketplace/MakeWebBetter/Academia/templates/course-listing.html rendered successfully, butdue to restrictions in rendering for a static environment, the rendered content is blank.
WARNING: styles/compiled/@marketplace/MakeWebBetter/Academia/templates/landing-student-registraiton.html rendered successfully, butdue to restrictions in rendering for a static environment, the rendered content is blank.
WARNING: styles/compiled/@marketplace/MakeWebBetter/Academia/templates/homepage-one.html rendered successfully, butdue to restrictions in rendering for a static environment, the rendered content is blank.
WARNING: styles/compiled/@marketplace/MakeWebBetter/Academia/templates/instructor-details.html rendered successfully, butdue to restrictions in rendering for a static environment, the rendered content is blank.
WARNING: styles/compiled/@marketplace/MakeWebBetter/Academia/templates/system/subscriptions-confirmation.html rendered successfully, butdue to restrictions in rendering for a static environment, the rendered content is blank.
WARNING: styles/compiled/@marketplace/MakeWebBetter/Academia/templates/partials/header.html rendered successfully, butdue to restrictions in rendering for a static environment, the rendered content is blank.
WARNING: styles/compiled/@marketplace/MakeWebBetter/Academia/templates/homepage-three.html rendered successfully, butdue to restrictions in rendering for a static environment, the rendered content is blank.
WARNING: styles/compiled/@marketplace/MakeWebBetter/Academia/templates/system/500.html rendered successfully, butdue to restrictions in rendering for a static environment, the rendered content is blank.
WARNING: styles/compiled/@marketplace/MakeWebBetter/Academia/templates/layouts/base.html rendered successfully, butdue to restrictions in rendering for a static environment, the rendered content is blank.
WARNING: styles/compiled/@marketplace/MakeWebBetter/Academia/templates/landing-instructor.html rendered successfully, butdue to restrictions in rendering for a static environment, the rendered content is blank.
WARNING: styles/compiled/@marketplace/MakeWebBetter/Academia/templates/partials/header-no-navigation.html rendered successfully, butdue to restrictions in rendering for a static environment, the rendered content is blank.
WARNING: styles/compiled/@marketplace/MakeWebBetter/Academia/templates/Blogs/Blog-listing-one.html rendered successfully, butdue to restrictions in rendering for a static environment, the rendered content is blank.
WARNING: styles/compiled/@marketplace/MakeWebBetter/Academia/templates/system/password-prompt.html rendered successfully, butdue to restrictions in rendering for a static environment, the rendered content is blank.
WARNING: styles/compiled/@marketplace/MakeWebBetter/Academia/templates/partials/footer.html rendered successfully, butdue to restrictions in rendering for a static environment, the rendered content is blank.
WARNING: styles/compiled/@marketplace/MakeWebBetter/Academia/templates/event-listing.html rendered successfully, butdue to restrictions in rendering for a static environment, the rendered content is blank.
WARNING: styles/compiled/@marketplace/MakeWebBetter/Academia/modules/macros.html rendered successfully, butdue to restrictions in rendering for a static environment, the rendered content is blank.
WARNING: styles/compiled/@marketplace/MakeWebBetter/Academia/templates/partials/footer-no-navigation.html rendered successfully, butdue to restrictions in rendering for a static environment, the rendered content is blank.
WARNING: styles/compiled/@marketplace/MakeWebBetter/Academia/templates/course-detail.html rendered successfully, butdue to restrictions in rendering for a static environment, the rendered content is blank.
WARNING: styles/compiled/@marketplace/MakeWebBetter/Academia/templates/about-us-one.html rendered successfully, butdue to restrictions in rendering for a static environment, the rendered content is blank.
WARNING: styles/compiled/@marketplace/MakeWebBetter/Academia/sections/two-column-video-text.html rendered successfully, butdue to restrictions in rendering for a static environment, the rendered content is blank.
WARNING: styles/compiled/@marketplace/MakeWebBetter/Academia/sections/call-to-action.html rendered successfully, butdue to restrictions in rendering for a static environment, the rendered content is blank.
WARNING: styles/compiled/@marketplace/MakeWebBetter/Academia/sections/get-in-touch.html rendered successfully, butdue to restrictions in rendering for a static environment, the rendered content is blank.
WARNING: styles/compiled/@marketplace/MakeWebBetter/Academia/sections/two-column-text-counter.html rendered successfully, butdue to restrictions in rendering for a static environment, the rendered content is blank.
WARNING: styles/compiled/@marketplace/MakeWebBetter/Academia/sections/sidebar-content.html rendered successfully, butdue to restrictions in rendering for a static environment, the rendered content is blank.
WARNING: styles/compiled/@marketplace/MakeWebBetter/Academia/sections/contact-section.html rendered successfully, butdue to restrictions in rendering for a static environment, the rendered content is blank.
WARNING: styles/compiled/@marketplace/MakeWebBetter/Academia/sections/two-column-form-text.html rendered successfully, butdue to restrictions in rendering for a static environment, the rendered content is blank.
WARNING: styles/compiled/@marketplace/MakeWebBetter/Academia/templates/system/membership-reset-password-request.html rendered successfully, butdue to restrictions in rendering for a static environment, the rendered content is blank.
WARNING: styles/compiled/@marketplace/MakeWebBetter/Academia/templates/Blogs/blog-detail.html rendered successfully, butdue to restrictions in rendering for a static environment, the rendered content is blank.
WARNING: styles/compiled/@marketplace/MakeWebBetter/Academia/templates/system/search-results.html rendered successfully, butdue to restrictions in rendering for a static environment, the rendered content is blank.
WARNING: styles/compiled/@marketplace/MakeWebBetter/Academia/templates/system/backup-unsubscribe.html rendered successfully, butdue to restrictions in rendering for a static environment, the rendered content is blank.
WARNING: styles/compiled/@marketplace/MakeWebBetter/Academia/templates/event-detail.html rendered successfully, butdue to restrictions in rendering for a static environment, the rendered content is blank.
WARNING: styles/compiled/@marketplace/MakeWebBetter/Academia/templates/system/membership-reset-password.html rendered successfully, butdue to restrictions in rendering for a static environment, the rendered content is blank.
WARNING: styles/compiled/@marketplace/MakeWebBetter/Academia/templates/instructors-listing.html rendered successfully, butdue to restrictions in rendering for a static environment, the rendered content is blank.
WARNING: styles/compiled/@marketplace/MakeWebBetter/Academia/templates/system/404.html rendered successfully, butdue to restrictions in rendering for a static environment, the rendered content is blank.
WARNING: styles/compiled/@marketplace/MakeWebBetter/Academia/templates/system/membership-register.html rendered successfully, butdue to restrictions in rendering for a static environment, the rendered content is blank.
WARNING: styles/compiled/@marketplace/MakeWebBetter/Academia/templates/homepage-two.html rendered successfully, butdue to restrictions in rendering for a static environment, the rendered content is blank.
WARNING: styles/compiled/@marketplace/MakeWebBetter/Academia/templates/system/membership-login.html rendered successfully, butdue to restrictions in rendering for a static environment, the rendered content is blank.
WARNING: styles/compiled/@marketplace/MakeWebBetter/Academia/templates/about-us-two.html rendered successfully, butdue to restrictions in rendering for a static environment, the rendered content is blank.
WARNING: styles/compiled/@marketplace/MakeWebBetter/Academia/sections/two-column-img-text.html rendered successfully, butdue to restrictions in rendering for a static environment, the rendered content is blank.
